<?xml version="1.0" encoding="UTF-8"?>
<!-- Generated by org.testng.reporters.JUnitReportReporter -->
<testsuite hostname="ELW5123" failures="0" tests="2" name="seleniumexamples.TestNGHrmLogin" time="8.538" errors="0" timestamp="2022-09-28T15:01:28 IST" skipped="0">
  <testcase classname="seleniumexamples.TestNGHrmLogin" name="testCase2" time="3.998"/>
  <system-out/>
  <testcase classname="seleniumexamples.TestNGHrmLogin" name="login" time="4.540"/>
  <system-out/>
</testsuite> <!-- seleniumexamples.TestNGHrmLogin -->
