<?xml version="1.0" encoding="UTF-8"?>
<!-- Generated by org.testng.reporters.JUnitReportReporter -->
<testsuite hostname="ELW5123" failures="0" tests="2" name="seleniumexamples.TestNGExampleTest" time="0.010" errors="0" timestamp="2022-09-26T16:01:01 IST" skipped="0">
  <testcase classname="seleniumexamples.TestNGExampleTest" name="testCase2" time="0.001"/>
  <system-out/>
  <testcase classname="seleniumexamples.TestNGExampleTest" name="testCase1" time="0.009"/>
  <system-out/>
</testsuite> <!-- seleniumexamples.TestNGExampleTest -->
