<?xml version="1.0" encoding="UTF-8"?>
<!-- Generated by org.testng.reporters.JUnitReportReporter -->
<testsuite hostname="ELW5123" failures="0" tests="2" name="testngexamples.HrmApplication" time="8.553" errors="0" timestamp="2022-09-28T15:16:34 IST" skipped="0">
  <testcase classname="testngexamples.HrmApplication" name="testCase2" time="4.089"/>
  <system-out/>
  <testcase classname="testngexamples.HrmApplication" name="login" time="4.464"/>
  <system-out/>
</testsuite> <!-- testngexamples.HrmApplication -->
